<?xml version="1.0" encoding="UTF-8"?>
<coverage generated="1742755182884" clover="3.2.0">
  <project timestamp="1742755182884" name="All files">
    <metrics statements="339" coveredstatements="339" conditionals="41" coveredconditionals="41" methods="18" coveredmethods="18" elements="398" coveredelements="398" complexity="0" loc="339" ncloc="339" packages="8" files="19" classes="19"/>
    <package name="src">
      <metrics statements="84" coveredstatements="84" conditionals="17" coveredconditionals="17" methods="8" coveredmethods="8"/>
      <file name="App.tsx" path="D:\OpenServer\domains\musk\5.1\vite\src\App.tsx">
        <metrics statements="20" coveredstatements="20" conditionals="2" coveredconditionals="2" methods="1" coveredmethods="1"/>
        <line num="1" count="1" type="stmt"/>
        <line num="2" count="1" type="stmt"/>
        <line num="3" count="1" type="stmt"/>
        <line num="5" count="1" type="stmt"/>
        <line num="6" count="1" type="stmt"/>
        <line num="7" count="1" type="stmt"/>
        <line num="8" count="1" type="stmt"/>
        <line num="10" count="1" type="cond" truecount="1" falsecount="0"/>
        <line num="11" count="8" type="stmt"/>
        <line num="13" count="8" type="cond" truecount="1" falsecount="0"/>
        <line num="14" count="1" type="stmt"/>
        <line num="15" count="8" type="stmt"/>
        <line num="17" count="8" type="stmt"/>
        <line num="18" count="8" type="stmt"/>
        <line num="19" count="8" type="stmt"/>
        <line num="20" count="8" type="stmt"/>
        <line num="21" count="8" type="stmt"/>
        <line num="22" count="8" type="stmt"/>
        <line num="23" count="8" type="stmt"/>
        <line num="25" count="8" type="stmt"/>
      </file>
      <file name="helpers.ts" path="D:\OpenServer\domains\musk\5.1\vite\src\helpers.ts">
        <metrics statements="34" coveredstatements="34" conditionals="13" coveredconditionals="13" methods="5" coveredmethods="5"/>
        <line num="3" count="1" type="cond" truecount="1" falsecount="0"/>
        <line num="4" count="6" type="stmt"/>
        <line num="5" count="6" type="stmt"/>
        <line num="6" count="6" type="stmt"/>
        <line num="7" count="6" type="stmt"/>
        <line num="8" count="6" type="stmt"/>
        <line num="9" count="6" type="stmt"/>
        <line num="11" count="1" type="cond" truecount="1" falsecount="0"/>
        <line num="12" count="56" type="stmt"/>
        <line num="13" count="56" type="stmt"/>
        <line num="15" count="1" type="cond" truecount="1" falsecount="0"/>
        <line num="16" count="12" type="cond" truecount="1" falsecount="0"/>
        <line num="17" count="35" type="cond" truecount="1" falsecount="0"/>
        <line num="18" count="14" type="stmt"/>
        <line num="19" count="14" type="cond" truecount="1" falsecount="0"/>
        <line num="20" count="21" type="stmt"/>
        <line num="21" count="12" type="stmt"/>
        <line num="23" count="1" type="cond" truecount="1" falsecount="0"/>
        <line num="24" count="6" type="cond" truecount="1" falsecount="0"/>
        <line num="25" count="18" type="cond" truecount="2" falsecount="0"/>
        <line num="26" count="6" type="stmt"/>
        <line num="27" count="6" type="cond" truecount="1" falsecount="0"/>
        <line num="28" count="12" type="stmt"/>
        <line num="29" count="6" type="stmt"/>
        <line num="31" count="1" type="cond" truecount="1" falsecount="0"/>
        <line num="32" count="2" type="stmt"/>
        <line num="33" count="2" type="stmt"/>
        <line num="34" count="2" type="stmt"/>
        <line num="35" count="2" type="stmt"/>
        <line num="37" count="2" type="cond" truecount="1" falsecount="0"/>
        <line num="38" count="8" type="stmt"/>
        <line num="39" count="2" type="stmt"/>
        <line num="41" count="2" type="stmt"/>
        <line num="42" count="2" type="stmt"/>
      </file>
      <file name="mock.ts" path="D:\OpenServer\domains\musk\5.1\vite\src\mock.ts">
        <metrics statements="30" coveredstatements="30" conditionals="0" coveredconditionals="0" methods="0" coveredmethods="0"/>
        <line num="3" count="1" type="stmt"/>
        <line num="4" count="1" type="stmt"/>
        <line num="5" count="1" type="stmt"/>
        <line num="6" count="1" type="stmt"/>
        <line num="7" count="1" type="stmt"/>
        <line num="8" count="1" type="stmt"/>
        <line num="9" count="1" type="stmt"/>
        <line num="10" count="1" type="stmt"/>
        <line num="11" count="1" type="stmt"/>
        <line num="12" count="1" type="stmt"/>
        <line num="13" count="1" type="stmt"/>
        <line num="14" count="1" type="stmt"/>
        <line num="15" count="1" type="stmt"/>
        <line num="16" count="1" type="stmt"/>
        <line num="17" count="1" type="stmt"/>
        <line num="18" count="1" type="stmt"/>
        <line num="19" count="1" type="stmt"/>
        <line num="20" count="1" type="stmt"/>
        <line num="21" count="1" type="stmt"/>
        <line num="22" count="1" type="stmt"/>
        <line num="23" count="1" type="stmt"/>
        <line num="24" count="1" type="stmt"/>
        <line num="25" count="1" type="stmt"/>
        <line num="26" count="1" type="stmt"/>
        <line num="27" count="1" type="stmt"/>
        <line num="28" count="1" type="stmt"/>
        <line num="29" count="1" type="stmt"/>
        <line num="30" count="1" type="stmt"/>
        <line num="31" count="1" type="stmt"/>
        <line num="32" count="1" type="stmt"/>
      </file>
      <file name="typos.ts" path="D:\OpenServer\domains\musk\5.1\vite\src\typos.ts">
        <metrics statements="0" coveredstatements="0" conditionals="1" coveredconditionals="1" methods="1" coveredmethods="1"/>
      </file>
      <file name="vite-env.d.ts" path="D:\OpenServer\domains\musk\5.1\vite\src\vite-env.d.ts">
        <metrics statements="0" coveredstatements="0" conditionals="1" coveredconditionals="1" methods="1" coveredmethods="1"/>
      </file>
    </package>
    <package name="src.components.layout.Footer">
      <metrics statements="4" coveredstatements="4" conditionals="1" coveredconditionals="1" methods="1" coveredmethods="1"/>
      <file name="Footer.tsx" path="D:\OpenServer\domains\musk\5.1\vite\src\components\layout\Footer\Footer.tsx">
        <metrics statements="3" coveredstatements="3" conditionals="1" coveredconditionals="1" methods="1" coveredmethods="1"/>
        <line num="7" count="1" type="cond" truecount="1" falsecount="0"/>
        <line num="8" count="13" type="stmt"/>
        <line num="9" count="13" type="stmt"/>
      </file>
      <file name="index.tsx" path="D:\OpenServer\domains\musk\5.1\vite\src\components\layout\Footer\index.tsx">
        <metrics statements="1" coveredstatements="1" conditionals="0" coveredconditionals="0" methods="0" coveredmethods="0"/>
        <line num="1" count="1" type="stmt"/>
      </file>
    </package>
    <package name="src.components.layout.Header">
      <metrics statements="30" coveredstatements="30" conditionals="1" coveredconditionals="1" methods="1" coveredmethods="1"/>
      <file name="Header.tsx" path="D:\OpenServer\domains\musk\5.1\vite\src\components\layout\Header\Header.tsx">
        <metrics statements="29" coveredstatements="29" conditionals="1" coveredconditionals="1" methods="1" coveredmethods="1"/>
        <line num="2" count="1" type="stmt"/>
        <line num="3" count="1" type="stmt"/>
        <line num="9" count="1" type="cond" truecount="1" falsecount="0"/>
        <line num="10" count="13" type="stmt"/>
        <line num="11" count="13" type="stmt"/>
        <line num="12" count="13" type="stmt"/>
        <line num="13" count="13" type="stmt"/>
        <line num="15" count="13" type="stmt"/>
        <line num="16" count="13" type="stmt"/>
        <line num="17" count="13" type="stmt"/>
        <line num="18" count="13" type="stmt"/>
        <line num="19" count="13" type="stmt"/>
        <line num="21" count="13" type="stmt"/>
        <line num="22" count="13" type="stmt"/>
        <line num="23" count="13" type="stmt"/>
        <line num="25" count="13" type="stmt"/>
        <line num="26" count="13" type="stmt"/>
        <line num="28" count="13" type="stmt"/>
        <line num="29" count="13" type="stmt"/>
        <line num="30" count="13" type="stmt"/>
        <line num="31" count="13" type="stmt"/>
        <line num="32" count="13" type="stmt"/>
        <line num="33" count="13" type="stmt"/>
        <line num="34" count="13" type="stmt"/>
        <line num="35" count="13" type="stmt"/>
        <line num="36" count="13" type="stmt"/>
        <line num="37" count="13" type="stmt"/>
        <line num="38" count="13" type="stmt"/>
        <line num="40" count="13" type="stmt"/>
      </file>
      <file name="index.tsx" path="D:\OpenServer\domains\musk\5.1\vite\src\components\layout\Header\index.tsx">
        <metrics statements="1" coveredstatements="1" conditionals="0" coveredconditionals="0" methods="0" coveredmethods="0"/>
        <line num="1" count="1" type="stmt"/>
      </file>
    </package>
    <package name="src.components.layout.Nav">
      <metrics statements="79" coveredstatements="79" conditionals="5" coveredconditionals="5" methods="1" coveredmethods="1"/>
      <file name="Nav.tsx" path="D:\OpenServer\domains\musk\5.1\vite\src\components\layout\Nav\Nav.tsx">
        <metrics statements="78" coveredstatements="78" conditionals="5" coveredconditionals="5" methods="1" coveredmethods="1"/>
        <line num="2" count="1" type="stmt"/>
        <line num="9" count="1" type="stmt"/>
        <line num="10" count="1" type="stmt"/>
        <line num="11" count="1" type="stmt"/>
        <line num="12" count="1" type="stmt"/>
        <line num="13" count="1" type="stmt"/>
        <line num="14" count="1" type="stmt"/>
        <line num="15" count="1" type="stmt"/>
        <line num="16" count="1" type="stmt"/>
        <line num="17" count="1" type="stmt"/>
        <line num="18" count="1" type="stmt"/>
        <line num="19" count="1" type="stmt"/>
        <line num="20" count="1" type="stmt"/>
        <line num="21" count="1" type="stmt"/>
        <line num="22" count="1" type="stmt"/>
        <line num="23" count="1" type="stmt"/>
        <line num="24" count="1" type="stmt"/>
        <line num="25" count="1" type="stmt"/>
        <line num="26" count="1" type="stmt"/>
        <line num="27" count="1" type="stmt"/>
        <line num="28" count="1" type="stmt"/>
        <line num="29" count="1" type="stmt"/>
        <line num="30" count="1" type="stmt"/>
        <line num="31" count="1" type="stmt"/>
        <line num="32" count="1" type="stmt"/>
        <line num="33" count="1" type="stmt"/>
        <line num="34" count="1" type="stmt"/>
        <line num="36" count="1" type="cond" truecount="1" falsecount="0"/>
        <line num="37" count="15" type="stmt"/>
        <line num="38" count="15" type="stmt"/>
        <line num="39" count="15" type="stmt"/>
        <line num="40" count="15" type="cond" truecount="1" falsecount="0"/>
        <line num="41" count="90" type="stmt"/>
        <line num="42" count="90" type="stmt"/>
        <line num="43" count="90" type="stmt"/>
        <line num="44" count="15" type="stmt"/>
        <line num="45" count="15" type="stmt"/>
        <line num="46" count="15" type="stmt"/>
        <line num="47" count="15" type="stmt"/>
        <line num="49" count="15" type="stmt"/>
        <line num="50" count="15" type="cond" truecount="1" falsecount="0"/>
        <line num="51" count="9" type="stmt"/>
        <line num="52" count="9" type="stmt"/>
        <line num="53" count="9" type="stmt"/>
        <line num="55" count="9" type="stmt"/>
        <line num="56" count="9" type="stmt"/>
        <line num="58" count="15" type="stmt"/>
        <line num="59" count="15" type="stmt"/>
        <line num="60" count="15" type="stmt"/>
        <line num="61" count="15" type="stmt"/>
        <line num="62" count="15" type="stmt"/>
        <line num="63" count="15" type="stmt"/>
        <line num="64" count="15" type="cond" truecount="1" falsecount="0"/>
        <line num="65" count="90" type="stmt"/>
        <line num="66" count="90" type="stmt"/>
        <line num="67" count="90" type="stmt"/>
        <line num="68" count="90" type="stmt"/>
        <line num="69" count="90" type="stmt"/>
        <line num="70" count="15" type="stmt"/>
        <line num="71" count="15" type="stmt"/>
        <line num="72" count="15" type="stmt"/>
        <line num="73" count="15" type="stmt"/>
        <line num="74" count="15" type="stmt"/>
        <line num="75" count="15" type="stmt"/>
        <line num="76" count="15" type="stmt"/>
        <line num="77" count="15" type="stmt"/>
        <line num="79" count="15" type="stmt"/>
        <line num="80" count="15" type="cond" truecount="1" falsecount="0"/>
        <line num="81" count="9" type="stmt"/>
        <line num="82" count="9" type="stmt"/>
        <line num="83" count="9" type="stmt"/>
        <line num="85" count="9" type="stmt"/>
        <line num="86" count="9" type="stmt"/>
        <line num="88" count="15" type="stmt"/>
        <line num="89" count="15" type="stmt"/>
        <line num="90" count="15" type="stmt"/>
        <line num="91" count="15" type="stmt"/>
        <line num="93" count="15" type="stmt"/>
      </file>
      <file name="index.tsx" path="D:\OpenServer\domains\musk\5.1\vite\src\components\layout\Nav\index.tsx">
        <metrics statements="1" coveredstatements="1" conditionals="0" coveredconditionals="0" methods="0" coveredmethods="0"/>
        <line num="1" count="1" type="stmt"/>
      </file>
    </package>
    <package name="src.components.ui.Card">
      <metrics statements="22" coveredstatements="22" conditionals="5" coveredconditionals="5" methods="1" coveredmethods="1"/>
      <file name="Card.tsx" path="D:\OpenServer\domains\musk\5.1\vite\src\components\ui\Card\Card.tsx">
        <metrics statements="21" coveredstatements="21" conditionals="5" coveredconditionals="5" methods="1" coveredmethods="1"/>
        <line num="10" count="1" type="cond" truecount="1" falsecount="0"/>
        <line num="11" count="28" type="stmt"/>
        <line num="12" count="28" type="stmt"/>
        <line num="13" count="28" type="stmt"/>
        <line num="14" count="28" type="stmt"/>
        <line num="15" count="28" type="stmt"/>
        <line num="16" count="28" type="stmt"/>
        <line num="17" count="28" type="stmt"/>
        <line num="18" count="28" type="stmt"/>
        <line num="19" count="28" type="stmt"/>
        <line num="20" count="28" type="stmt"/>
        <line num="21" count="28" type="stmt"/>
        <line num="22" count="28" type="cond" truecount="2" falsecount="0"/>
        <line num="23" count="28" type="stmt"/>
        <line num="24" count="28" type="stmt"/>
        <line num="26" count="28" type="cond" truecount="2" falsecount="0"/>
        <line num="27" count="28" type="stmt"/>
        <line num="28" count="28" type="stmt"/>
        <line num="29" count="28" type="stmt"/>
        <line num="30" count="28" type="stmt"/>
        <line num="32" count="28" type="stmt"/>
      </file>
      <file name="index.tsx" path="D:\OpenServer\domains\musk\5.1\vite\src\components\ui\Card\index.tsx">
        <metrics statements="1" coveredstatements="1" conditionals="0" coveredconditionals="0" methods="0" coveredmethods="0"/>
        <line num="1" count="1" type="stmt"/>
      </file>
    </package>
    <package name="src.components.ui.Hero">
      <metrics statements="22" coveredstatements="22" conditionals="1" coveredconditionals="1" methods="1" coveredmethods="1"/>
      <file name="Hero.tsx" path="D:\OpenServer\domains\musk\5.1\vite\src\components\ui\Hero\Hero.tsx">
        <metrics statements="21" coveredstatements="21" conditionals="1" coveredconditionals="1" methods="1" coveredmethods="1"/>
        <line num="2" count="1" type="stmt"/>
        <line num="8" count="1" type="cond" truecount="1" falsecount="0"/>
        <line num="9" count="7" type="stmt"/>
        <line num="10" count="7" type="stmt"/>
        <line num="11" count="7" type="stmt"/>
        <line num="12" count="7" type="stmt"/>
        <line num="13" count="7" type="stmt"/>
        <line num="14" count="7" type="stmt"/>
        <line num="15" count="7" type="stmt"/>
        <line num="16" count="7" type="stmt"/>
        <line num="19" count="7" type="stmt"/>
        <line num="20" count="7" type="stmt"/>
        <line num="24" count="7" type="stmt"/>
        <line num="25" count="7" type="stmt"/>
        <line num="26" count="7" type="stmt"/>
        <line num="27" count="7" type="stmt"/>
        <line num="28" count="7" type="stmt"/>
        <line num="29" count="7" type="stmt"/>
        <line num="30" count="7" type="stmt"/>
        <line num="31" count="7" type="stmt"/>
        <line num="33" count="7" type="stmt"/>
      </file>
      <file name="index.tsx" path="D:\OpenServer\domains\musk\5.1\vite\src\components\ui\Hero\index.tsx">
        <metrics statements="1" coveredstatements="1" conditionals="0" coveredconditionals="0" methods="0" coveredmethods="0"/>
        <line num="1" count="1" type="stmt"/>
      </file>
    </package>
    <package name="src.pages.CartPage">
      <metrics statements="66" coveredstatements="66" conditionals="8" coveredconditionals="8" methods="3" coveredmethods="3"/>
      <file name="CartPage.tsx" path="D:\OpenServer\domains\musk\5.1\vite\src\pages\CartPage\CartPage.tsx">
        <metrics statements="65" coveredstatements="65" conditionals="8" coveredconditionals="8" methods="3" coveredmethods="3"/>
        <line num="1" count="1" type="stmt"/>
        <line num="3" count="1" type="stmt"/>
        <line num="4" count="1" type="stmt"/>
        <line num="5" count="1" type="stmt"/>
        <line num="13" count="1" type="cond" truecount="1" falsecount="0"/>
        <line num="14" count="6" type="stmt"/>
        <line num="15" count="6" type="stmt"/>
        <line num="17" count="6" type="stmt"/>
        <line num="19" count="6" type="cond" truecount="1" falsecount="0"/>
        <line num="20" count="1" type="stmt"/>
        <line num="21" count="1" type="stmt"/>
        <line num="22" count="1" type="stmt"/>
        <line num="23" count="6" type="stmt"/>
        <line num="24" count="6" type="stmt"/>
        <line num="25" count="6" type="stmt"/>
        <line num="26" count="6" type="stmt"/>
        <line num="27" count="6" type="stmt"/>
        <line num="28" count="6" type="cond" truecount="1" falsecount="0"/>
        <line num="29" count="5" type="stmt"/>
        <line num="30" count="5" type="stmt"/>
        <line num="31" count="5" type="stmt"/>
        <line num="32" count="5" type="stmt"/>
        <line num="33" count="5" type="stmt"/>
        <line num="34" count="5" type="cond" truecount="1" falsecount="0"/>
        <line num="35" count="5" type="cond" truecount="1" falsecount="0"/>
        <line num="36" count="6" type="stmt"/>
        <line num="37" count="6" type="stmt"/>
        <line num="38" count="6" type="stmt"/>
        <line num="39" count="6" type="stmt"/>
        <line num="40" count="6" type="stmt"/>
        <line num="41" count="6" type="stmt"/>
        <line num="42" count="6" type="stmt"/>
        <line num="43" count="6" type="cond" truecount="1" falsecount="0"/>
        <line num="44" count="6" type="stmt"/>
        <line num="45" count="6" type="stmt"/>
        <line num="47" count="6" type="stmt"/>
        <line num="48" count="6" type="stmt"/>
        <line num="49" count="6" type="stmt"/>
        <line num="51" count="5" type="stmt"/>
        <line num="52" count="5" type="stmt"/>
        <line num="53" count="5" type="cond" truecount="1" falsecount="0"/>
        <line num="54" count="4" type="stmt"/>
        <line num="55" count="4" type="stmt"/>
        <line num="56" count="4" type="stmt"/>
        <line num="57" count="4" type="stmt"/>
        <line num="58" count="4" type="stmt"/>
        <line num="59" count="4" type="stmt"/>
        <line num="61" count="4" type="stmt"/>
        <line num="62" count="4" type="stmt"/>
        <line num="64" count="5" type="stmt"/>
        <line num="66" count="5" type="stmt"/>
        <line num="67" count="5" type="stmt"/>
        <line num="68" count="5" type="stmt"/>
        <line num="69" count="5" type="stmt"/>
        <line num="70" count="5" type="stmt"/>
        <line num="71" count="5" type="stmt"/>
        <line num="72" count="5" type="cond" truecount="1" falsecount="0"/>
        <line num="74" count="1" type="stmt"/>
        <line num="75" count="1" type="stmt"/>
        <line num="77" count="1" type="stmt"/>
        <line num="79" count="6" type="stmt"/>
        <line num="80" count="6" type="stmt"/>
        <line num="81" count="6" type="stmt"/>
        <line num="82" count="6" type="stmt"/>
        <line num="84" count="6" type="stmt"/>
      </file>
      <file name="index.tsx" path="D:\OpenServer\domains\musk\5.1\vite\src\pages\CartPage\index.tsx">
        <metrics statements="1" coveredstatements="1" conditionals="0" coveredconditionals="0" methods="0" coveredmethods="0"/>
        <line num="1" count="1" type="stmt"/>
      </file>
    </package>
    <package name="src.pages.MainPage">
      <metrics statements="32" coveredstatements="32" conditionals="3" coveredconditionals="3" methods="2" coveredmethods="2"/>
      <file name="MainPage.tsx" path="D:\OpenServer\domains\musk\5.1\vite\src\pages\MainPage\MainPage.tsx">
        <metrics statements="31" coveredstatements="31" conditionals="3" coveredconditionals="3" methods="2" coveredmethods="2"/>
        <line num="2" count="1" type="stmt"/>
        <line num="3" count="1" type="stmt"/>
        <line num="4" count="1" type="stmt"/>
        <line num="5" count="1" type="stmt"/>
        <line num="7" count="1" type="stmt"/>
        <line num="15" count="1" type="cond" truecount="1" falsecount="0"/>
        <line num="16" count="6" type="stmt"/>
        <line num="17" count="6" type="stmt"/>
        <line num="18" count="6" type="stmt"/>
        <line num="19" count="6" type="stmt"/>
        <line num="20" count="6" type="stmt"/>
        <line num="21" count="6" type="stmt"/>
        <line num="22" count="6" type="stmt"/>
        <line num="23" count="6" type="stmt"/>
        <line num="24" count="6" type="stmt"/>
        <line num="25" count="6" type="stmt"/>
        <line num="26" count="6" type="cond" truecount="1" falsecount="0"/>
        <line num="27" count="24" type="stmt"/>
        <line num="28" count="24" type="stmt"/>
        <line num="29" count="24" type="stmt"/>
        <line num="30" count="24" type="cond" truecount="1" falsecount="0"/>
        <line num="31" count="24" type="stmt"/>
        <line num="32" count="24" type="stmt"/>
        <line num="33" count="6" type="stmt"/>
        <line num="34" count="6" type="stmt"/>
        <line num="35" count="6" type="stmt"/>
        <line num="36" count="6" type="stmt"/>
        <line num="37" count="6" type="stmt"/>
        <line num="38" count="6" type="stmt"/>
        <line num="39" count="6" type="stmt"/>
        <line num="41" count="6" type="stmt"/>
      </file>
      <file name="index.tsx" path="D:\OpenServer\domains\musk\5.1\vite\src\pages\MainPage\index.tsx">
        <metrics statements="1" coveredstatements="1" conditionals="0" coveredconditionals="0" methods="0" coveredmethods="0"/>
        <line num="1" count="1" type="stmt"/>
      </file>
    </package>
  </project>
</coverage>
