{"D:\\OpenServer\\domains\\musk\\5.1\\vite\\src\\App.tsx": {"path":"D:\\OpenServer\\domains\\musk\\5.1\\vite\\src\\App.tsx","all":false,"statementMap":{"0":{"start":{"line":1,"column":0},"end":{"line":1,"column":43}},"1":{"start":{"line":2,"column":0},"end":{"line":2,"column":38}},"2":{"start":{"line":3,"column":0},"end":{"line":3,"column":59}},"4":{"start":{"line":5,"column":0},"end":{"line":5,"column":42}},"5":{"start":{"line":6,"column":0},"end":{"line":6,"column":43}},"6":{"start":{"line":7,"column":0},"end":{"line":7,"column":29}},"7":{"start":{"line":8,"column":0},"end":{"line":8,"column":43}},"9":{"start":{"line":10,"column":0},"end":{"line":10,"column":26}},"10":{"start":{"line":11,"column":0},"end":{"line":11,"column":48}},"12":{"start":{"line":13,"column":0},"end":{"line":13,"column":19}},"13":{"start":{"line":14,"column":0},"end":{"line":14,"column":33}},"14":{"start":{"line":15,"column":0},"end":{"line":15,"column":8}},"16":{"start":{"line":17,"column":0},"end":{"line":17,"column":10}},"17":{"start":{"line":18,"column":0},"end":{"line":18,"column":19}},"18":{"start":{"line":19,"column":0},"end":{"line":19,"column":14}},"19":{"start":{"line":20,"column":0},"end":{"line":20,"column":91}},"20":{"start":{"line":21,"column":0},"end":{"line":21,"column":95}},"21":{"start":{"line":22,"column":0},"end":{"line":22,"column":15}},"22":{"start":{"line":23,"column":0},"end":{"line":23,"column":20}},"24":{"start":{"line":25,"column":0},"end":{"line":25,"column":1}}},"s":{"0":1,"1":1,"2":1,"4":1,"5":1,"6":1,"7":1,"9":1,"10":8,"12":8,"13":1,"14":8,"16":8,"17":8,"18":8,"19":8,"20":8,"21":8,"22":8,"24":8},"branchMap":{"0":{"type":"branch","line":10,"loc":{"start":{"line":10,"column":19},"end":{"line":25,"column":1}},"locations":[{"start":{"line":10,"column":19},"end":{"line":25,"column":1}}]},"1":{"type":"branch","line":13,"loc":{"start":{"line":13,"column":12},"end":{"line":15,"column":5}},"locations":[{"start":{"line":13,"column":12},"end":{"line":15,"column":5}}]}},"b":{"0":[8],"1":[1]},"fnMap":{"0":{"name":"App","decl":{"start":{"line":10,"column":19},"end":{"line":25,"column":1}},"loc":{"start":{"line":10,"column":19},"end":{"line":25,"column":1}},"line":10}},"f":{"0":8}}
,"D:\\OpenServer\\domains\\musk\\5.1\\vite\\src\\helpers.ts": {"path":"D:\\OpenServer\\domains\\musk\\5.1\\vite\\src\\helpers.ts","all":false,"statementMap":{"2":{"start":{"line":3,"column":0},"end":{"line":3,"column":27}},"3":{"start":{"line":4,"column":0},"end":{"line":4,"column":17}},"4":{"start":{"line":5,"column":0},"end":{"line":5,"column":17}},"5":{"start":{"line":6,"column":0},"end":{"line":6,"column":57}},"6":{"start":{"line":7,"column":0},"end":{"line":7,"column":6}},"7":{"start":{"line":8,"column":0},"end":{"line":8,"column":47}},"8":{"start":{"line":9,"column":0},"end":{"line":9,"column":1}},"10":{"start":{"line":11,"column":0},"end":{"line":11,"column":61}},"11":{"start":{"line":12,"column":0},"end":{"line":12,"column":30}},"12":{"start":{"line":13,"column":0},"end":{"line":13,"column":1}},"14":{"start":{"line":15,"column":0},"end":{"line":15,"column":47}},"15":{"start":{"line":16,"column":0},"end":{"line":16,"column":45}},"16":{"start":{"line":17,"column":0},"end":{"line":17,"column":15}},"17":{"start":{"line":18,"column":0},"end":{"line":18,"column":20}},"18":{"start":{"line":19,"column":0},"end":{"line":19,"column":5}},"19":{"start":{"line":20,"column":0},"end":{"line":20,"column":14}},"20":{"start":{"line":21,"column":0},"end":{"line":21,"column":7}},"22":{"start":{"line":23,"column":0},"end":{"line":23,"column":60}},"23":{"start":{"line":24,"column":0},"end":{"line":24,"column":30}},"24":{"start":{"line":25,"column":0},"end":{"line":25,"column":34}},"25":{"start":{"line":26,"column":0},"end":{"line":26,"column":30}},"26":{"start":{"line":27,"column":0},"end":{"line":27,"column":5}},"27":{"start":{"line":28,"column":0},"end":{"line":28,"column":14}},"28":{"start":{"line":29,"column":0},"end":{"line":29,"column":7}},"30":{"start":{"line":31,"column":0},"end":{"line":31,"column":31}},"31":{"start":{"line":32,"column":0},"end":{"line":32,"column":19}},"32":{"start":{"line":33,"column":0},"end":{"line":33,"column":57}},"33":{"start":{"line":34,"column":0},"end":{"line":34,"column":6}},"34":{"start":{"line":35,"column":0},"end":{"line":35,"column":27}},"36":{"start":{"line":37,"column":0},"end":{"line":37,"column":22}},"37":{"start":{"line":38,"column":0},"end":{"line":38,"column":25}},"38":{"start":{"line":39,"column":0},"end":{"line":39,"column":4}},"40":{"start":{"line":41,"column":0},"end":{"line":41,"column":15}},"41":{"start":{"line":42,"column":0},"end":{"line":42,"column":1}}},"s":{"2":1,"3":6,"4":6,"5":6,"6":6,"7":6,"8":6,"10":1,"11":56,"12":56,"14":1,"15":12,"16":35,"17":14,"18":14,"19":21,"20":12,"22":1,"23":6,"24":18,"25":6,"26":6,"27":12,"28":6,"30":1,"31":2,"32":2,"33":2,"34":2,"36":2,"37":8,"38":2,"40":2,"41":2},"branchMap":{"0":{"type":"branch","line":3,"loc":{"start":{"line":3,"column":26},"end":{"line":9,"column":1}},"locations":[{"start":{"line":3,"column":26},"end":{"line":9,"column":1}}]},"1":{"type":"branch","line":11,"loc":{"start":{"line":11,"column":24},"end":{"line":13,"column":1}},"locations":[{"start":{"line":11,"column":24},"end":{"line":13,"column":1}}]},"2":{"type":"branch","line":15,"loc":{"start":{"line":15,"column":28},"end":{"line":21,"column":7}},"locations":[{"start":{"line":15,"column":28},"end":{"line":21,"column":7}}]},"3":{"type":"branch","line":16,"loc":{"start":{"line":16,"column":29},"end":{"line":21,"column":5}},"locations":[{"start":{"line":16,"column":29},"end":{"line":21,"column":5}}]},"4":{"type":"branch","line":17,"loc":{"start":{"line":17,"column":14},"end":{"line":19,"column":5}},"locations":[{"start":{"line":17,"column":14},"end":{"line":19,"column":5}}]},"5":{"type":"branch","line":19,"loc":{"start":{"line":19,"column":4},"end":{"line":21,"column":5}},"locations":[{"start":{"line":19,"column":4},"end":{"line":21,"column":5}}]},"6":{"type":"branch","line":23,"loc":{"start":{"line":23,"column":23},"end":{"line":29,"column":7}},"locations":[{"start":{"line":23,"column":23},"end":{"line":29,"column":7}}]},"7":{"type":"branch","line":24,"loc":{"start":{"line":24,"column":14},"end":{"line":29,"column":5}},"locations":[{"start":{"line":24,"column":14},"end":{"line":29,"column":5}}]},"8":{"type":"branch","line":25,"loc":{"start":{"line":25,"column":33},"end":{"line":29,"column":5}},"locations":[{"start":{"line":25,"column":33},"end":{"line":29,"column":5}}]},"9":{"type":"branch","line":25,"loc":{"start":{"line":25,"column":33},"end":{"line":27,"column":5}},"locations":[{"start":{"line":25,"column":33},"end":{"line":27,"column":5}}]},"10":{"type":"branch","line":27,"loc":{"start":{"line":27,"column":4},"end":{"line":29,"column":5}},"locations":[{"start":{"line":27,"column":4},"end":{"line":29,"column":5}}]},"11":{"type":"branch","line":31,"loc":{"start":{"line":31,"column":30},"end":{"line":42,"column":1}},"locations":[{"start":{"line":31,"column":30},"end":{"line":42,"column":1}}]},"12":{"type":"branch","line":37,"loc":{"start":{"line":37,"column":11},"end":{"line":39,"column":3}},"locations":[{"start":{"line":37,"column":11},"end":{"line":39,"column":3}}]}},"b":{"0":[6],"1":[56],"2":[12],"3":[35],"4":[14],"5":[21],"6":[6],"7":[18],"8":[15],"9":[6],"10":[12],"11":[2],"12":[8]},"fnMap":{"0":{"name":"handleCart","decl":{"start":{"line":3,"column":26},"end":{"line":9,"column":1}},"loc":{"start":{"line":3,"column":26},"end":{"line":9,"column":1}},"line":3},"1":{"name":"isInCart","decl":{"start":{"line":11,"column":24},"end":{"line":13,"column":1}},"loc":{"start":{"line":11,"column":24},"end":{"line":13,"column":1}},"line":11},"2":{"name":"getCartCount","decl":{"start":{"line":15,"column":28},"end":{"line":21,"column":7}},"loc":{"start":{"line":15,"column":28},"end":{"line":21,"column":7}},"line":15},"3":{"name":"cartSum","decl":{"start":{"line":23,"column":23},"end":{"line":29,"column":7}},"loc":{"start":{"line":23,"column":23},"end":{"line":29,"column":7}},"line":23},"4":{"name":"setInitialCart","decl":{"start":{"line":31,"column":30},"end":{"line":42,"column":1}},"loc":{"start":{"line":31,"column":30},"end":{"line":42,"column":1}},"line":31}},"f":{"0":6,"1":56,"2":12,"3":6,"4":2}}
,"D:\\OpenServer\\domains\\musk\\5.1\\vite\\src\\mock.ts": {"path":"D:\\OpenServer\\domains\\musk\\5.1\\vite\\src\\mock.ts","all":false,"statementMap":{"2":{"start":{"line":3,"column":0},"end":{"line":3,"column":33}},"3":{"start":{"line":4,"column":0},"end":{"line":4,"column":3}},"4":{"start":{"line":5,"column":0},"end":{"line":5,"column":10}},"5":{"start":{"line":6,"column":0},"end":{"line":6,"column":23}},"6":{"start":{"line":7,"column":0},"end":{"line":7,"column":14}},"7":{"start":{"line":8,"column":0},"end":{"line":8,"column":90}},"8":{"start":{"line":9,"column":0},"end":{"line":9,"column":115}},"9":{"start":{"line":10,"column":0},"end":{"line":10,"column":4}},"10":{"start":{"line":11,"column":0},"end":{"line":11,"column":3}},"11":{"start":{"line":12,"column":0},"end":{"line":12,"column":10}},"12":{"start":{"line":13,"column":0},"end":{"line":13,"column":19}},"13":{"start":{"line":14,"column":0},"end":{"line":14,"column":14}},"14":{"start":{"line":15,"column":0},"end":{"line":15,"column":89}},"15":{"start":{"line":16,"column":0},"end":{"line":16,"column":102}},"16":{"start":{"line":17,"column":0},"end":{"line":17,"column":4}},"17":{"start":{"line":18,"column":0},"end":{"line":18,"column":3}},"18":{"start":{"line":19,"column":0},"end":{"line":19,"column":10}},"19":{"start":{"line":20,"column":0},"end":{"line":20,"column":25}},"20":{"start":{"line":21,"column":0},"end":{"line":21,"column":14}},"21":{"start":{"line":22,"column":0},"end":{"line":22,"column":89}},"22":{"start":{"line":23,"column":0},"end":{"line":23,"column":171}},"23":{"start":{"line":24,"column":0},"end":{"line":24,"column":4}},"24":{"start":{"line":25,"column":0},"end":{"line":25,"column":3}},"25":{"start":{"line":26,"column":0},"end":{"line":26,"column":10}},"26":{"start":{"line":27,"column":0},"end":{"line":27,"column":19}},"27":{"start":{"line":28,"column":0},"end":{"line":28,"column":14}},"28":{"start":{"line":29,"column":0},"end":{"line":29,"column":89}},"29":{"start":{"line":30,"column":0},"end":{"line":30,"column":162}},"30":{"start":{"line":31,"column":0},"end":{"line":31,"column":4}},"31":{"start":{"line":32,"column":0},"end":{"line":32,"column":1}}},"s":{"2":1,"3":1,"4":1,"5":1,"6":1,"7":1,"8":1,"9":1,"10":1,"11":1,"12":1,"13":1,"14":1,"15":1,"16":1,"17":1,"18":1,"19":1,"20":1,"21":1,"22":1,"23":1,"24":1,"25":1,"26":1,"27":1,"28":1,"29":1,"30":1,"31":1},"branchMap":{},"b":{},"fnMap":{},"f":{}}
,"D:\\OpenServer\\domains\\musk\\5.1\\vite\\src\\typos.ts": {"path":"D:\\OpenServer\\domains\\musk\\5.1\\vite\\src\\typos.ts","all":true,"statementMap":{},"s":{},"branchMap":{"0":{"type":"branch","line":1,"loc":{"start":{"line":1,"column":148},"end":{"line":9,"column":46}},"locations":[{"start":{"line":1,"column":148},"end":{"line":9,"column":46}}]}},"b":{"0":[1]},"fnMap":{"0":{"name":"(empty-report)","decl":{"start":{"line":1,"column":148},"end":{"line":9,"column":46}},"loc":{"start":{"line":1,"column":148},"end":{"line":9,"column":46}},"line":1}},"f":{"0":1}}
,"D:\\OpenServer\\domains\\musk\\5.1\\vite\\src\\vite-env.d.ts": {"path":"D:\\OpenServer\\domains\\musk\\5.1\\vite\\src\\vite-env.d.ts","all":true,"statementMap":{},"s":{},"branchMap":{"0":{"type":"branch","line":1,"loc":{"start":{"line":1,"column":37},"end":{"line":1,"column":37}},"locations":[{"start":{"line":1,"column":37},"end":{"line":1,"column":37}}]}},"b":{"0":[1]},"fnMap":{"0":{"name":"(empty-report)","decl":{"start":{"line":1,"column":37},"end":{"line":1,"column":37}},"loc":{"start":{"line":1,"column":37},"end":{"line":1,"column":37}},"line":1}},"f":{"0":1}}
,"D:\\OpenServer\\domains\\musk\\5.1\\vite\\src\\components\\layout\\Footer\\Footer.tsx": {"path":"D:\\OpenServer\\domains\\musk\\5.1\\vite\\src\\components\\layout\\Footer\\Footer.tsx","all":false,"statementMap":{"6":{"start":{"line":7,"column":0},"end":{"line":7,"column":46}},"7":{"start":{"line":8,"column":0},"end":{"line":8,"column":85}},"8":{"start":{"line":9,"column":0},"end":{"line":9,"column":1}}},"s":{"6":1,"7":13,"8":13},"branchMap":{"0":{"type":"branch","line":7,"loc":{"start":{"line":7,"column":39},"end":{"line":9,"column":1}},"locations":[{"start":{"line":7,"column":39},"end":{"line":9,"column":1}}]}},"b":{"0":[13]},"fnMap":{"0":{"name":"Footer","decl":{"start":{"line":7,"column":39},"end":{"line":9,"column":1}},"loc":{"start":{"line":7,"column":39},"end":{"line":9,"column":1}},"line":7}},"f":{"0":13}}
,"D:\\OpenServer\\domains\\musk\\5.1\\vite\\src\\components\\layout\\Footer\\index.tsx": {"path":"D:\\OpenServer\\domains\\musk\\5.1\\vite\\src\\components\\layout\\Footer\\index.tsx","all":false,"statementMap":{"0":{"start":{"line":1,"column":0},"end":{"line":1,"column":25}}},"s":{"0":1},"branchMap":{},"b":{},"fnMap":{},"f":{}}
,"D:\\OpenServer\\domains\\musk\\5.1\\vite\\src\\components\\layout\\Header\\Header.tsx": {"path":"D:\\OpenServer\\domains\\musk\\5.1\\vite\\src\\components\\layout\\Header\\Header.tsx","all":false,"statementMap":{"1":{"start":{"line":2,"column":0},"end":{"line":2,"column":35}},"2":{"start":{"line":3,"column":0},"end":{"line":3,"column":28}},"8":{"start":{"line":9,"column":0},"end":{"line":9,"column":59}},"9":{"start":{"line":10,"column":0},"end":{"line":10,"column":10}},"10":{"start":{"line":11,"column":0},"end":{"line":11,"column":11}},"11":{"start":{"line":12,"column":0},"end":{"line":12,"column":52}},"12":{"start":{"line":13,"column":0},"end":{"line":13,"column":53}},"14":{"start":{"line":15,"column":0},"end":{"line":15,"column":73}},"15":{"start":{"line":16,"column":0},"end":{"line":16,"column":35}},"16":{"start":{"line":17,"column":0},"end":{"line":17,"column":99}},"17":{"start":{"line":18,"column":0},"end":{"line":18,"column":71}},"18":{"start":{"line":19,"column":0},"end":{"line":19,"column":102}},"20":{"start":{"line":21,"column":0},"end":{"line":21,"column":20}},"21":{"start":{"line":22,"column":0},"end":{"line":22,"column":46}},"22":{"start":{"line":23,"column":0},"end":{"line":23,"column":64}},"24":{"start":{"line":25,"column":0},"end":{"line":25,"column":20}},"25":{"start":{"line":26,"column":0},"end":{"line":26,"column":18}},"27":{"start":{"line":28,"column":0},"end":{"line":28,"column":40}},"28":{"start":{"line":29,"column":0},"end":{"line":29,"column":36}},"29":{"start":{"line":30,"column":0},"end":{"line":30,"column":16}},"30":{"start":{"line":31,"column":0},"end":{"line":31,"column":14}},"31":{"start":{"line":32,"column":0},"end":{"line":32,"column":12}},"32":{"start":{"line":33,"column":0},"end":{"line":33,"column":84}},"33":{"start":{"line":34,"column":0},"end":{"line":34,"column":35}},"34":{"start":{"line":35,"column":0},"end":{"line":35,"column":39}},"35":{"start":{"line":36,"column":0},"end":{"line":36,"column":14}},"36":{"start":{"line":37,"column":0},"end":{"line":37,"column":12}},"37":{"start":{"line":38,"column":0},"end":{"line":38,"column":13}},"39":{"start":{"line":40,"column":0},"end":{"line":40,"column":1}}},"s":{"1":1,"2":1,"8":1,"9":13,"10":13,"11":13,"12":13,"14":13,"15":13,"16":13,"17":13,"18":13,"20":13,"21":13,"22":13,"24":13,"25":13,"27":13,"28":13,"29":13,"30":13,"31":13,"32":13,"33":13,"34":13,"35":13,"36":13,"37":13,"39":13},"branchMap":{"0":{"type":"branch","line":9,"loc":{"start":{"line":9,"column":39},"end":{"line":40,"column":1}},"locations":[{"start":{"line":9,"column":39},"end":{"line":40,"column":1}}]}},"b":{"0":[13]},"fnMap":{"0":{"name":"Header","decl":{"start":{"line":9,"column":39},"end":{"line":40,"column":1}},"loc":{"start":{"line":9,"column":39},"end":{"line":40,"column":1}},"line":9}},"f":{"0":13}}
,"D:\\OpenServer\\domains\\musk\\5.1\\vite\\src\\components\\layout\\Header\\index.tsx": {"path":"D:\\OpenServer\\domains\\musk\\5.1\\vite\\src\\components\\layout\\Header\\index.tsx","all":false,"statementMap":{"0":{"start":{"line":1,"column":0},"end":{"line":1,"column":25}}},"s":{"0":1},"branchMap":{},"b":{},"fnMap":{},"f":{}}
,"D:\\OpenServer\\domains\\musk\\5.1\\vite\\src\\components\\layout\\Nav\\Nav.tsx": {"path":"D:\\OpenServer\\domains\\musk\\5.1\\vite\\src\\components\\layout\\Nav\\Nav.tsx","all":false,"statementMap":{"1":{"start":{"line":2,"column":0},"end":{"line":2,"column":35}},"8":{"start":{"line":9,"column":0},"end":{"line":9,"column":14}},"9":{"start":{"line":10,"column":0},"end":{"line":10,"column":3}},"10":{"start":{"line":11,"column":0},"end":{"line":11,"column":20}},"11":{"start":{"line":12,"column":0},"end":{"line":12,"column":14}},"12":{"start":{"line":13,"column":0},"end":{"line":13,"column":4}},"13":{"start":{"line":14,"column":0},"end":{"line":14,"column":3}},"14":{"start":{"line":15,"column":0},"end":{"line":15,"column":20}},"15":{"start":{"line":16,"column":0},"end":{"line":16,"column":14}},"16":{"start":{"line":17,"column":0},"end":{"line":17,"column":4}},"17":{"start":{"line":18,"column":0},"end":{"line":18,"column":3}},"18":{"start":{"line":19,"column":0},"end":{"line":19,"column":23}},"19":{"start":{"line":20,"column":0},"end":{"line":20,"column":14}},"20":{"start":{"line":21,"column":0},"end":{"line":21,"column":4}},"21":{"start":{"line":22,"column":0},"end":{"line":22,"column":3}},"22":{"start":{"line":23,"column":0},"end":{"line":23,"column":20}},"23":{"start":{"line":24,"column":0},"end":{"line":24,"column":14}},"24":{"start":{"line":25,"column":0},"end":{"line":25,"column":4}},"25":{"start":{"line":26,"column":0},"end":{"line":26,"column":3}},"26":{"start":{"line":27,"column":0},"end":{"line":27,"column":22}},"27":{"start":{"line":28,"column":0},"end":{"line":28,"column":14}},"28":{"start":{"line":29,"column":0},"end":{"line":29,"column":4}},"29":{"start":{"line":30,"column":0},"end":{"line":30,"column":3}},"30":{"start":{"line":31,"column":0},"end":{"line":31,"column":19}},"31":{"start":{"line":32,"column":0},"end":{"line":32,"column":14}},"32":{"start":{"line":33,"column":0},"end":{"line":33,"column":4}},"33":{"start":{"line":34,"column":0},"end":{"line":34,"column":1}},"35":{"start":{"line":36,"column":0},"end":{"line":36,"column":53}},"36":{"start":{"line":37,"column":0},"end":{"line":37,"column":10}},"37":{"start":{"line":38,"column":0},"end":{"line":38,"column":22}},"38":{"start":{"line":39,"column":0},"end":{"line":39,"column":92}},"39":{"start":{"line":40,"column":0},"end":{"line":40,"column":29}},"40":{"start":{"line":41,"column":0},"end":{"line":41,"column":100}},"41":{"start":{"line":42,"column":0},"end":{"line":42,"column":24}},"42":{"start":{"line":43,"column":0},"end":{"line":43,"column":17}},"43":{"start":{"line":44,"column":0},"end":{"line":44,"column":11}},"44":{"start":{"line":45,"column":0},"end":{"line":45,"column":13}},"45":{"start":{"line":46,"column":0},"end":{"line":46,"column":22}},"46":{"start":{"line":47,"column":0},"end":{"line":47,"column":85}},"48":{"start":{"line":49,"column":0},"end":{"line":49,"column":39}},"49":{"start":{"line":50,"column":0},"end":{"line":50,"column":34}},"50":{"start":{"line":51,"column":0},"end":{"line":51,"column":16}},"51":{"start":{"line":52,"column":0},"end":{"line":52,"column":121}},"52":{"start":{"line":53,"column":0},"end":{"line":53,"column":37}},"54":{"start":{"line":55,"column":0},"end":{"line":55,"column":25}},"55":{"start":{"line":56,"column":0},"end":{"line":56,"column":18}},"57":{"start":{"line":58,"column":0},"end":{"line":58,"column":15}},"58":{"start":{"line":59,"column":0},"end":{"line":59,"column":12}},"59":{"start":{"line":60,"column":0},"end":{"line":60,"column":67}},"60":{"start":{"line":61,"column":0},"end":{"line":61,"column":38}},"61":{"start":{"line":62,"column":0},"end":{"line":62,"column":53}},"62":{"start":{"line":63,"column":0},"end":{"line":63,"column":95}},"63":{"start":{"line":64,"column":0},"end":{"line":64,"column":33}},"64":{"start":{"line":65,"column":0},"end":{"line":65,"column":52}},"65":{"start":{"line":66,"column":0},"end":{"line":66,"column":50}},"66":{"start":{"line":67,"column":0},"end":{"line":67,"column":30}},"67":{"start":{"line":68,"column":0},"end":{"line":68,"column":23}},"68":{"start":{"line":69,"column":0},"end":{"line":69,"column":19}},"69":{"start":{"line":70,"column":0},"end":{"line":70,"column":15}},"70":{"start":{"line":71,"column":0},"end":{"line":71,"column":15}},"71":{"start":{"line":72,"column":0},"end":{"line":72,"column":18}},"72":{"start":{"line":73,"column":0},"end":{"line":73,"column":13}},"73":{"start":{"line":74,"column":0},"end":{"line":74,"column":15}},"74":{"start":{"line":75,"column":0},"end":{"line":75,"column":24}},"75":{"start":{"line":76,"column":0},"end":{"line":76,"column":80}},"76":{"start":{"line":77,"column":0},"end":{"line":77,"column":33}},"78":{"start":{"line":79,"column":0},"end":{"line":79,"column":47}},"79":{"start":{"line":80,"column":0},"end":{"line":80,"column":36}},"80":{"start":{"line":81,"column":0},"end":{"line":81,"column":18}},"81":{"start":{"line":82,"column":0},"end":{"line":82,"column":123}},"82":{"start":{"line":83,"column":0},"end":{"line":83,"column":45}},"84":{"start":{"line":85,"column":0},"end":{"line":85,"column":27}},"85":{"start":{"line":86,"column":0},"end":{"line":86,"column":20}},"87":{"start":{"line":88,"column":0},"end":{"line":88,"column":17}},"88":{"start":{"line":89,"column":0},"end":{"line":89,"column":14}},"89":{"start":{"line":90,"column":0},"end":{"line":90,"column":12}},"90":{"start":{"line":91,"column":0},"end":{"line":91,"column":10}},"92":{"start":{"line":93,"column":0},"end":{"line":93,"column":1}}},"s":{"1":1,"8":1,"9":1,"10":1,"11":1,"12":1,"13":1,"14":1,"15":1,"16":1,"17":1,"18":1,"19":1,"20":1,"21":1,"22":1,"23":1,"24":1,"25":1,"26":1,"27":1,"28":1,"29":1,"30":1,"31":1,"32":1,"33":1,"35":1,"36":15,"37":15,"38":15,"39":15,"40":90,"41":90,"42":90,"43":15,"44":15,"45":15,"46":15,"48":15,"49":15,"50":9,"51":9,"52":9,"54":9,"55":9,"57":15,"58":15,"59":15,"60":15,"61":15,"62":15,"63":15,"64":90,"65":90,"66":90,"67":90,"68":90,"69":15,"70":15,"71":15,"72":15,"73":15,"74":15,"75":15,"76":15,"78":15,"79":15,"80":9,"81":9,"82":9,"84":9,"85":9,"87":15,"88":15,"89":15,"90":15,"92":15},"branchMap":{"0":{"type":"branch","line":36,"loc":{"start":{"line":36,"column":33},"end":{"line":93,"column":1}},"locations":[{"start":{"line":36,"column":33},"end":{"line":93,"column":1}}]},"1":{"type":"branch","line":50,"loc":{"start":{"line":50,"column":28},"end":{"line":56,"column":18}},"locations":[{"start":{"line":50,"column":28},"end":{"line":56,"column":18}}]},"2":{"type":"branch","line":80,"loc":{"start":{"line":80,"column":30},"end":{"line":86,"column":20}},"locations":[{"start":{"line":80,"column":30},"end":{"line":86,"column":20}}]},"3":{"type":"branch","line":40,"loc":{"start":{"line":40,"column":18},"end":{"line":43,"column":17}},"locations":[{"start":{"line":40,"column":18},"end":{"line":43,"column":17}}]},"4":{"type":"branch","line":64,"loc":{"start":{"line":64,"column":22},"end":{"line":69,"column":19}},"locations":[{"start":{"line":64,"column":22},"end":{"line":69,"column":19}}]}},"b":{"0":[15],"1":[9],"2":[9],"3":[90],"4":[90]},"fnMap":{"0":{"name":"Nav","decl":{"start":{"line":36,"column":33},"end":{"line":93,"column":1}},"loc":{"start":{"line":36,"column":33},"end":{"line":93,"column":1}},"line":36}},"f":{"0":15}}
,"D:\\OpenServer\\domains\\musk\\5.1\\vite\\src\\components\\layout\\Nav\\index.tsx": {"path":"D:\\OpenServer\\domains\\musk\\5.1\\vite\\src\\components\\layout\\Nav\\index.tsx","all":false,"statementMap":{"0":{"start":{"line":1,"column":0},"end":{"line":1,"column":22}}},"s":{"0":1},"branchMap":{},"b":{},"fnMap":{},"f":{}}
,"D:\\OpenServer\\domains\\musk\\5.1\\vite\\src\\components\\ui\\Card\\Card.tsx": {"path":"D:\\OpenServer\\domains\\musk\\5.1\\vite\\src\\components\\ui\\Card\\Card.tsx","all":false,"statementMap":{"9":{"start":{"line":10,"column":0},"end":{"line":10,"column":69}},"10":{"start":{"line":11,"column":0},"end":{"line":11,"column":10}},"11":{"start":{"line":12,"column":0},"end":{"line":12,"column":49}},"12":{"start":{"line":13,"column":0},"end":{"line":13,"column":14}},"13":{"start":{"line":14,"column":0},"end":{"line":14,"column":49}},"14":{"start":{"line":15,"column":0},"end":{"line":15,"column":15}},"15":{"start":{"line":16,"column":0},"end":{"line":16,"column":33}},"16":{"start":{"line":17,"column":0},"end":{"line":17,"column":53}},"17":{"start":{"line":18,"column":0},"end":{"line":18,"column":27}},"18":{"start":{"line":19,"column":0},"end":{"line":19,"column":77}},"19":{"start":{"line":20,"column":0},"end":{"line":20,"column":71}},"20":{"start":{"line":21,"column":0},"end":{"line":21,"column":17}},"21":{"start":{"line":22,"column":0},"end":{"line":22,"column":72}},"22":{"start":{"line":23,"column":0},"end":{"line":23,"column":29}},"23":{"start":{"line":24,"column":0},"end":{"line":24,"column":48}},"25":{"start":{"line":26,"column":0},"end":{"line":26,"column":59}},"26":{"start":{"line":27,"column":0},"end":{"line":27,"column":19}},"27":{"start":{"line":28,"column":0},"end":{"line":28,"column":14}},"28":{"start":{"line":29,"column":0},"end":{"line":29,"column":12}},"29":{"start":{"line":30,"column":0},"end":{"line":30,"column":10}},"31":{"start":{"line":32,"column":0},"end":{"line":32,"column":1}}},"s":{"9":1,"10":28,"11":28,"12":28,"13":28,"14":28,"15":28,"16":28,"17":28,"18":28,"19":28,"20":28,"21":28,"22":28,"23":28,"25":28,"26":28,"27":28,"28":28,"29":28,"31":28},"branchMap":{"0":{"type":"branch","line":10,"loc":{"start":{"line":10,"column":35},"end":{"line":32,"column":1}},"locations":[{"start":{"line":10,"column":35},"end":{"line":32,"column":1}}]},"1":{"type":"branch","line":22,"loc":{"start":{"line":22,"column":30},"end":{"line":22,"column":56}},"locations":[{"start":{"line":22,"column":30},"end":{"line":22,"column":56}}]},"2":{"type":"branch","line":22,"loc":{"start":{"line":22,"column":41},"end":{"line":22,"column":69}},"locations":[{"start":{"line":22,"column":41},"end":{"line":22,"column":69}}]},"3":{"type":"branch","line":26,"loc":{"start":{"line":26,"column":13},"end":{"line":26,"column":39}},"locations":[{"start":{"line":26,"column":13},"end":{"line":26,"column":39}}]},"4":{"type":"branch","line":26,"loc":{"start":{"line":26,"column":24},"end":{"line":26,"column":59}},"locations":[{"start":{"line":26,"column":24},"end":{"line":26,"column":59}}]}},"b":{"0":[28],"1":[9],"2":[19],"3":[9],"4":[19]},"fnMap":{"0":{"name":"Card","decl":{"start":{"line":10,"column":35},"end":{"line":32,"column":1}},"loc":{"start":{"line":10,"column":35},"end":{"line":32,"column":1}},"line":10}},"f":{"0":28}}
,"D:\\OpenServer\\domains\\musk\\5.1\\vite\\src\\components\\ui\\Card\\index.tsx": {"path":"D:\\OpenServer\\domains\\musk\\5.1\\vite\\src\\components\\ui\\Card\\index.tsx","all":false,"statementMap":{"0":{"start":{"line":1,"column":0},"end":{"line":1,"column":23}}},"s":{"0":1},"branchMap":{},"b":{},"fnMap":{},"f":{}}
,"D:\\OpenServer\\domains\\musk\\5.1\\vite\\src\\components\\ui\\Hero\\Hero.tsx": {"path":"D:\\OpenServer\\domains\\musk\\5.1\\vite\\src\\components\\ui\\Hero\\Hero.tsx","all":false,"statementMap":{"1":{"start":{"line":2,"column":0},"end":{"line":2,"column":29}},"7":{"start":{"line":8,"column":0},"end":{"line":8,"column":42}},"8":{"start":{"line":9,"column":0},"end":{"line":9,"column":10}},"9":{"start":{"line":10,"column":0},"end":{"line":10,"column":57}},"10":{"start":{"line":11,"column":0},"end":{"line":11,"column":73}},"11":{"start":{"line":12,"column":0},"end":{"line":12,"column":59}},"12":{"start":{"line":13,"column":0},"end":{"line":13,"column":13}},"13":{"start":{"line":14,"column":0},"end":{"line":14,"column":93}},"14":{"start":{"line":15,"column":0},"end":{"line":15,"column":46}},"15":{"start":{"line":16,"column":0},"end":{"line":16,"column":32}},"18":{"start":{"line":19,"column":0},"end":{"line":19,"column":16}},"19":{"start":{"line":20,"column":0},"end":{"line":20,"column":32}},"23":{"start":{"line":24,"column":0},"end":{"line":24,"column":16}},"24":{"start":{"line":25,"column":0},"end":{"line":25,"column":16}},"25":{"start":{"line":26,"column":0},"end":{"line":26,"column":53}},"26":{"start":{"line":27,"column":0},"end":{"line":27,"column":81}},"27":{"start":{"line":28,"column":0},"end":{"line":28,"column":19}},"28":{"start":{"line":29,"column":0},"end":{"line":29,"column":14}},"29":{"start":{"line":30,"column":0},"end":{"line":30,"column":12}},"30":{"start":{"line":31,"column":0},"end":{"line":31,"column":10}},"32":{"start":{"line":33,"column":0},"end":{"line":33,"column":1}}},"s":{"1":1,"7":1,"8":7,"9":7,"10":7,"11":7,"12":7,"13":7,"14":7,"15":7,"18":7,"19":7,"23":7,"24":7,"25":7,"26":7,"27":7,"28":7,"29":7,"30":7,"32":7},"branchMap":{"0":{"type":"branch","line":8,"loc":{"start":{"line":8,"column":35},"end":{"line":33,"column":1}},"locations":[{"start":{"line":8,"column":35},"end":{"line":33,"column":1}}]}},"b":{"0":[7]},"fnMap":{"0":{"name":"Hero","decl":{"start":{"line":8,"column":35},"end":{"line":33,"column":1}},"loc":{"start":{"line":8,"column":35},"end":{"line":33,"column":1}},"line":8}},"f":{"0":7}}
,"D:\\OpenServer\\domains\\musk\\5.1\\vite\\src\\components\\ui\\Hero\\index.tsx": {"path":"D:\\OpenServer\\domains\\musk\\5.1\\vite\\src\\components\\ui\\Hero\\index.tsx","all":false,"statementMap":{"0":{"start":{"line":1,"column":0},"end":{"line":1,"column":23}}},"s":{"0":1},"branchMap":{},"b":{},"fnMap":{},"f":{}}
,"D:\\OpenServer\\domains\\musk\\5.1\\vite\\src\\pages\\CartPage\\CartPage.tsx": {"path":"D:\\OpenServer\\domains\\musk\\5.1\\vite\\src\\pages\\CartPage\\CartPage.tsx","all":false,"statementMap":{"0":{"start":{"line":1,"column":0},"end":{"line":1,"column":36}},"2":{"start":{"line":3,"column":0},"end":{"line":3,"column":55}},"3":{"start":{"line":4,"column":0},"end":{"line":4,"column":55}},"4":{"start":{"line":5,"column":0},"end":{"line":5,"column":91}},"12":{"start":{"line":13,"column":0},"end":{"line":13,"column":83}},"13":{"start":{"line":14,"column":0},"end":{"line":14,"column":33}},"14":{"start":{"line":15,"column":0},"end":{"line":15,"column":54}},"16":{"start":{"line":17,"column":0},"end":{"line":17,"column":34}},"18":{"start":{"line":19,"column":0},"end":{"line":19,"column":29}},"19":{"start":{"line":20,"column":0},"end":{"line":20,"column":18}},"20":{"start":{"line":21,"column":0},"end":{"line":21,"column":33}},"21":{"start":{"line":22,"column":0},"end":{"line":22,"column":3}},"22":{"start":{"line":23,"column":0},"end":{"line":23,"column":10}},"23":{"start":{"line":24,"column":0},"end":{"line":24,"column":6}},"24":{"start":{"line":25,"column":0},"end":{"line":25,"column":34}},"25":{"start":{"line":26,"column":0},"end":{"line":26,"column":59}},"26":{"start":{"line":27,"column":0},"end":{"line":27,"column":55}},"27":{"start":{"line":28,"column":0},"end":{"line":28,"column":23}},"28":{"start":{"line":29,"column":0},"end":{"line":29,"column":52}},"29":{"start":{"line":30,"column":0},"end":{"line":30,"column":36}},"30":{"start":{"line":31,"column":0},"end":{"line":31,"column":94}},"31":{"start":{"line":32,"column":0},"end":{"line":32,"column":53}},"32":{"start":{"line":33,"column":0},"end":{"line":33,"column":23}},"33":{"start":{"line":34,"column":0},"end":{"line":34,"column":62}},"34":{"start":{"line":35,"column":0},"end":{"line":35,"column":36}},"35":{"start":{"line":36,"column":0},"end":{"line":36,"column":30}},"36":{"start":{"line":37,"column":0},"end":{"line":37,"column":82}},"37":{"start":{"line":38,"column":0},"end":{"line":38,"column":59}},"38":{"start":{"line":39,"column":0},"end":{"line":39,"column":82}},"39":{"start":{"line":40,"column":0},"end":{"line":40,"column":44}},"40":{"start":{"line":41,"column":0},"end":{"line":41,"column":35}},"41":{"start":{"line":42,"column":0},"end":{"line":42,"column":55}},"42":{"start":{"line":43,"column":0},"end":{"line":43,"column":80}},"43":{"start":{"line":44,"column":0},"end":{"line":44,"column":66}},"44":{"start":{"line":45,"column":0},"end":{"line":45,"column":29}},"46":{"start":{"line":47,"column":0},"end":{"line":47,"column":37}},"47":{"start":{"line":48,"column":0},"end":{"line":48,"column":32}},"48":{"start":{"line":49,"column":0},"end":{"line":49,"column":30}},"50":{"start":{"line":51,"column":0},"end":{"line":51,"column":23}},"51":{"start":{"line":52,"column":0},"end":{"line":52,"column":22}},"52":{"start":{"line":53,"column":0},"end":{"line":53,"column":36}},"53":{"start":{"line":54,"column":0},"end":{"line":54,"column":41}},"54":{"start":{"line":55,"column":0},"end":{"line":55,"column":27}},"55":{"start":{"line":56,"column":0},"end":{"line":56,"column":55}},"56":{"start":{"line":57,"column":0},"end":{"line":57,"column":43}},"57":{"start":{"line":58,"column":0},"end":{"line":58,"column":44}},"58":{"start":{"line":59,"column":0},"end":{"line":59,"column":21}},"60":{"start":{"line":61,"column":0},"end":{"line":61,"column":29}},"61":{"start":{"line":62,"column":0},"end":{"line":62,"column":24}},"63":{"start":{"line":64,"column":0},"end":{"line":64,"column":20}},"65":{"start":{"line":66,"column":0},"end":{"line":66,"column":36}},"66":{"start":{"line":67,"column":0},"end":{"line":67,"column":73}},"67":{"start":{"line":68,"column":0},"end":{"line":68,"column":54}},"68":{"start":{"line":69,"column":0},"end":{"line":69,"column":59}},"69":{"start":{"line":70,"column":0},"end":{"line":70,"column":22}},"70":{"start":{"line":71,"column":0},"end":{"line":71,"column":20}},"71":{"start":{"line":72,"column":0},"end":{"line":72,"column":18}},"73":{"start":{"line":74,"column":0},"end":{"line":74,"column":76}},"74":{"start":{"line":75,"column":0},"end":{"line":75,"column":29}},"76":{"start":{"line":77,"column":0},"end":{"line":77,"column":18}},"78":{"start":{"line":79,"column":0},"end":{"line":79,"column":14}},"79":{"start":{"line":80,"column":0},"end":{"line":80,"column":13}},"80":{"start":{"line":81,"column":0},"end":{"line":81,"column":16}},"81":{"start":{"line":82,"column":0},"end":{"line":82,"column":7}},"83":{"start":{"line":84,"column":0},"end":{"line":84,"column":1}}},"s":{"0":1,"2":1,"3":1,"4":1,"12":1,"13":6,"14":6,"16":6,"18":6,"19":1,"20":1,"21":1,"22":6,"23":6,"24":6,"25":6,"26":6,"27":6,"28":5,"29":5,"30":5,"31":5,"32":5,"33":5,"34":5,"35":6,"36":6,"37":6,"38":6,"39":6,"40":6,"41":6,"42":6,"43":6,"44":6,"46":6,"47":6,"48":6,"50":5,"51":5,"52":5,"53":4,"54":4,"55":4,"56":4,"57":4,"58":4,"60":4,"61":4,"63":5,"65":5,"66":5,"67":5,"68":5,"69":5,"70":5,"71":5,"73":1,"74":1,"76":1,"78":6,"79":6,"80":6,"81":6,"83":6},"branchMap":{"0":{"type":"branch","line":13,"loc":{"start":{"line":13,"column":43},"end":{"line":84,"column":1}},"locations":[{"start":{"line":13,"column":43},"end":{"line":84,"column":1}}]},"1":{"type":"branch","line":28,"loc":{"start":{"line":28,"column":12},"end":{"line":72,"column":18}},"locations":[{"start":{"line":28,"column":12},"end":{"line":72,"column":18}}]},"2":{"type":"branch","line":53,"loc":{"start":{"line":53,"column":30},"end":{"line":62,"column":24}},"locations":[{"start":{"line":53,"column":30},"end":{"line":62,"column":24}}]},"3":{"type":"branch","line":72,"loc":{"start":{"line":72,"column":12},"end":{"line":77,"column":18}},"locations":[{"start":{"line":72,"column":12},"end":{"line":77,"column":18}}]},"4":{"type":"branch","line":19,"loc":{"start":{"line":19,"column":22},"end":{"line":22,"column":3}},"locations":[{"start":{"line":19,"column":22},"end":{"line":22,"column":3}}]},"5":{"type":"branch","line":34,"loc":{"start":{"line":34,"column":28},"end":{"line":34,"column":61}},"locations":[{"start":{"line":34,"column":28},"end":{"line":34,"column":61}}]},"6":{"type":"branch","line":35,"loc":{"start":{"line":35,"column":25},"end":{"line":51,"column":21}},"locations":[{"start":{"line":35,"column":25},"end":{"line":51,"column":21}}]},"7":{"type":"branch","line":43,"loc":{"start":{"line":43,"column":39},"end":{"line":43,"column":80}},"locations":[{"start":{"line":43,"column":39},"end":{"line":43,"column":80}}]}},"b":{"0":[6],"1":[5],"2":[4],"3":[1],"4":[1],"5":[14],"6":[6],"7":[2]},"fnMap":{"0":{"name":"CartPage","decl":{"start":{"line":13,"column":43},"end":{"line":84,"column":1}},"loc":{"start":{"line":13,"column":43},"end":{"line":84,"column":1}},"line":13},"1":{"name":"handleOrder","decl":{"start":{"line":19,"column":22},"end":{"line":22,"column":3}},"loc":{"start":{"line":19,"column":22},"end":{"line":22,"column":3}},"line":19},"2":{"name":"onClick","decl":{"start":{"line":43,"column":39},"end":{"line":43,"column":80}},"loc":{"start":{"line":43,"column":39},"end":{"line":43,"column":80}},"line":43}},"f":{"0":6,"1":1,"2":2}}
,"D:\\OpenServer\\domains\\musk\\5.1\\vite\\src\\pages\\CartPage\\index.tsx": {"path":"D:\\OpenServer\\domains\\musk\\5.1\\vite\\src\\pages\\CartPage\\index.tsx","all":false,"statementMap":{"0":{"start":{"line":1,"column":0},"end":{"line":1,"column":27}}},"s":{"0":1},"branchMap":{},"b":{},"fnMap":{},"f":{}}
,"D:\\OpenServer\\domains\\musk\\5.1\\vite\\src\\pages\\MainPage\\MainPage.tsx": {"path":"D:\\OpenServer\\domains\\musk\\5.1\\vite\\src\\pages\\MainPage\\MainPage.tsx","all":false,"statementMap":{"1":{"start":{"line":2,"column":0},"end":{"line":2,"column":55}},"2":{"start":{"line":3,"column":0},"end":{"line":3,"column":55}},"3":{"start":{"line":4,"column":0},"end":{"line":4,"column":47}},"4":{"start":{"line":5,"column":0},"end":{"line":5,"column":47}},"6":{"start":{"line":7,"column":0},"end":{"line":7,"column":66}},"14":{"start":{"line":15,"column":0},"end":{"line":15,"column":83}},"15":{"start":{"line":16,"column":0},"end":{"line":16,"column":38}},"16":{"start":{"line":17,"column":0},"end":{"line":17,"column":10}},"17":{"start":{"line":18,"column":0},"end":{"line":18,"column":6}},"18":{"start":{"line":19,"column":0},"end":{"line":19,"column":38}},"19":{"start":{"line":20,"column":0},"end":{"line":20,"column":36}},"20":{"start":{"line":21,"column":0},"end":{"line":21,"column":35}},"21":{"start":{"line":22,"column":0},"end":{"line":22,"column":18}},"22":{"start":{"line":23,"column":0},"end":{"line":23,"column":33}},"23":{"start":{"line":24,"column":0},"end":{"line":24,"column":91}},"24":{"start":{"line":25,"column":0},"end":{"line":25,"column":70}},"25":{"start":{"line":26,"column":0},"end":{"line":26,"column":35}},"26":{"start":{"line":27,"column":0},"end":{"line":27,"column":21}},"27":{"start":{"line":28,"column":0},"end":{"line":28,"column":34}},"28":{"start":{"line":29,"column":0},"end":{"line":29,"column":29}},"29":{"start":{"line":30,"column":0},"end":{"line":30,"column":68}},"30":{"start":{"line":31,"column":0},"end":{"line":31,"column":52}},"31":{"start":{"line":32,"column":0},"end":{"line":32,"column":18}},"32":{"start":{"line":33,"column":0},"end":{"line":33,"column":17}},"33":{"start":{"line":34,"column":0},"end":{"line":34,"column":18}},"34":{"start":{"line":35,"column":0},"end":{"line":35,"column":16}},"35":{"start":{"line":36,"column":0},"end":{"line":36,"column":14}},"36":{"start":{"line":37,"column":0},"end":{"line":37,"column":13}},"37":{"start":{"line":38,"column":0},"end":{"line":38,"column":16}},"38":{"start":{"line":39,"column":0},"end":{"line":39,"column":7}},"40":{"start":{"line":41,"column":0},"end":{"line":41,"column":1}}},"s":{"1":1,"2":1,"3":1,"4":1,"6":1,"14":1,"15":6,"16":6,"17":6,"18":6,"19":6,"20":6,"21":6,"22":6,"23":6,"24":6,"25":6,"26":24,"27":24,"28":24,"29":24,"30":24,"31":24,"32":6,"33":6,"34":6,"35":6,"36":6,"37":6,"38":6,"40":6},"branchMap":{"0":{"type":"branch","line":15,"loc":{"start":{"line":15,"column":43},"end":{"line":41,"column":1}},"locations":[{"start":{"line":15,"column":43},"end":{"line":41,"column":1}}]},"1":{"type":"branch","line":26,"loc":{"start":{"line":26,"column":24},"end":{"line":32,"column":18}},"locations":[{"start":{"line":26,"column":24},"end":{"line":32,"column":18}}]},"2":{"type":"branch","line":30,"loc":{"start":{"line":30,"column":27},"end":{"line":30,"column":68}},"locations":[{"start":{"line":30,"column":27},"end":{"line":30,"column":68}}]}},"b":{"0":[6],"1":[24],"2":[4]},"fnMap":{"0":{"name":"MainPage","decl":{"start":{"line":15,"column":43},"end":{"line":41,"column":1}},"loc":{"start":{"line":15,"column":43},"end":{"line":41,"column":1}},"line":15},"1":{"name":"onClick","decl":{"start":{"line":30,"column":27},"end":{"line":30,"column":68}},"loc":{"start":{"line":30,"column":27},"end":{"line":30,"column":68}},"line":30}},"f":{"0":6,"1":4}}
,"D:\\OpenServer\\domains\\musk\\5.1\\vite\\src\\pages\\MainPage\\index.tsx": {"path":"D:\\OpenServer\\domains\\musk\\5.1\\vite\\src\\pages\\MainPage\\index.tsx","all":false,"statementMap":{"0":{"start":{"line":1,"column":0},"end":{"line":1,"column":27}}},"s":{"0":1},"branchMap":{},"b":{},"fnMap":{},"f":{}}
}
